<?xml version="1.0" encoding="UTF-8"?>
<robot generator="Robot 5.0.1 (Python 3.8.2 on win32)" generated="20220614 13:37:20.543" rpa="false" schemaversion="3">
<suite id="s1" name="Verify Users" source="c:\Users\lgali\scr\udemy_api\test\api\endpoints\users_id\verify_users.robot">
<kw name="Authorize" library="setupTeardowns" type="SETUP">
<if>
<branch type="IF" condition="not ${GLOBAL_AUTH_SET}">
<kw name="Create Dictionary" library="BuiltIn">
<var>&amp;{jsonBody}</var>
<arg>username=admin</arg>
<arg>password=masterPass</arg>
<doc>Creates and returns a dictionary based on the given ``items``.</doc>
<msg timestamp="20220614 13:37:20.972" level="INFO">&amp;{jsonBody} = { username=admin | password=masterPass }</msg>
<status status="PASS" starttime="20220614 13:37:20.969" endtime="20220614 13:37:20.984"/>
</kw>
<kw name="POST" library="RequestsLibrary">
<var>${response}</var>
<arg>url=${GLOBAL_ENDPOINT_LOGIN}</arg>
<arg>json=${jsonBody}</arg>
<arg>expected_status=200</arg>
<doc>Sends a POST request.</doc>
<msg timestamp="20220614 13:37:21.005" level="INFO">POST Request : url=http://127.0.0.1:5000/login 
 path_url=/login 
 headers={'User-Agent': 'python-requests/2.27.1', 'Accept-Encoding': 'gzip, deflate', 'Accept': '*/*', 'Connection': 'keep-alive', 'Content-Length': '47', 'Content-Type': 'application/json'} 
 body=b'{"username": "admin", "password": "masterPass"}' 
 </msg>
<msg timestamp="20220614 13:37:21.005" level="INFO">POST Response : url=http://127.0.0.1:5000/login 
 status=200, reason=OK 
 headers={'Server': 'Werkzeug/2.1.2 Python/3.8.2', 'Date': 'Tue, 14 Jun 2022 10:37:21 GMT', 'Content-Type': 'application/json', 'Content-Length': '49', 'Connection': 'close'} 
 body={"token":"asfd234fkaDkf2asdf2a889DFJSFlsDFWf21"}
 
 </msg>
<msg timestamp="20220614 13:37:21.006" level="INFO">${response} = &lt;Response [200]&gt;</msg>
<status status="PASS" starttime="20220614 13:37:20.985" endtime="20220614 13:37:21.006"/>
</kw>
<kw name="Set Variable" library="BuiltIn">
<var>${responseJson}</var>
<arg>${response.json()}</arg>
<doc>Returns the given values which can then be assigned to a variables.</doc>
<msg timestamp="20220614 13:37:21.011" level="INFO">${responseJson} = {'token': 'asfd234fkaDkf2asdf2a889DFJSFlsDFWf21'}</msg>
<status status="PASS" starttime="20220614 13:37:21.007" endtime="20220614 13:37:21.012"/>
</kw>
<kw name="Get From Dictionary" library="Collections">
<var>${token}</var>
<arg>${responseJson}</arg>
<arg>token</arg>
<doc>Returns a value from the given ``dictionary`` based on the given ``key``.</doc>
<msg timestamp="20220614 13:37:21.016" level="INFO">${token} = asfd234fkaDkf2asdf2a889DFJSFlsDFWf21</msg>
<status status="PASS" starttime="20220614 13:37:21.013" endtime="20220614 13:37:21.017"/>
</kw>
<kw name="Create Dictionary" library="BuiltIn">
<var>${headers}</var>
<arg>Authorization=Bearer ${token}</arg>
<doc>Creates and returns a dictionary based on the given ``items``.</doc>
<msg timestamp="20220614 13:37:21.020" level="INFO">${headers} = {'Authorization': 'Bearer asfd234fkaDkf2asdf2a889DFJSFlsDFWf21'}</msg>
<status status="PASS" starttime="20220614 13:37:21.018" endtime="20220614 13:37:21.020"/>
</kw>
<kw name="Set Global Variable" library="BuiltIn">
<arg>${GLOBAL_AUTH_HEADER}</arg>
<arg>${headers}</arg>
<doc>Makes a variable available globally in all tests and suites.</doc>
<msg timestamp="20220614 13:37:21.022" level="INFO">${GLOBAL_AUTH_HEADER} = {'Authorization': 'Bearer asfd234fkaDkf2asdf2a889DFJSFlsDFWf21'}</msg>
<status status="PASS" starttime="20220614 13:37:21.021" endtime="20220614 13:37:21.022"/>
</kw>
<kw name="Set Global Variable" library="BuiltIn">
<arg>${GLOBAL_AUTH_SET}</arg>
<arg>${True}</arg>
<doc>Makes a variable available globally in all tests and suites.</doc>
<msg timestamp="20220614 13:37:21.025" level="INFO">${GLOBAL_AUTH_SET} = True</msg>
<status status="PASS" starttime="20220614 13:37:21.023" endtime="20220614 13:37:21.025"/>
</kw>
<status status="PASS" starttime="20220614 13:37:20.968" endtime="20220614 13:37:21.025"/>
</branch>
<status status="PASS" starttime="20220614 13:37:20.967" endtime="20220614 13:37:21.026"/>
</if>
<status status="PASS" starttime="20220614 13:37:20.965" endtime="20220614 13:37:21.027"/>
</kw>
<test id="s1-t1" name="Verify All users" line="9">
<kw name="Log To Console" library="BuiltIn">
<arg>\nSending request to ${GLOBAL_ENDPOINT_USERS}\n</arg>
<doc>Logs the given message to the console.</doc>
<status status="PASS" starttime="20220614 13:37:21.035" endtime="20220614 13:37:21.037"/>
</kw>
<kw name="Create Dictionary" library="BuiltIn">
<var>${params}</var>
<arg>filter=all</arg>
<doc>Creates and returns a dictionary based on the given ``items``.</doc>
<msg timestamp="20220614 13:37:21.039" level="INFO">${params} = {'filter': 'all'}</msg>
<status status="PASS" starttime="20220614 13:37:21.038" endtime="20220614 13:37:21.040"/>
</kw>
<kw name="GET" library="RequestsLibrary">
<var>${response}</var>
<arg>url=${GLOBAL_ENDPOINT_USERS}</arg>
<arg>expected_status=200</arg>
<arg>headers=${GLOBAL_AUTH_HEADER}</arg>
<arg>params=${params}</arg>
<doc>Sends a GET request.</doc>
<msg timestamp="20220614 13:37:21.059" level="INFO">GET Request : url=http://127.0.0.1:5000/users?filter=all 
 path_url=/users?filter=all 
 headers={'User-Agent': 'python-requests/2.27.1', 'Accept-Encoding': 'gzip, deflate', 'Accept': '*/*', 'Connection': 'keep-alive', 'Authorization': 'Bearer asfd234fkaDkf2asdf2a889DFJSFlsDFWf21'} 
 body=None 
 </msg>
<msg timestamp="20220614 13:37:21.060" level="INFO">GET Response : url=http://127.0.0.1:5000/users?filter=all 
 status=200, reason=OK 
 headers={'Server': 'Werkzeug/2.1.2 Python/3.8.2', 'Date': 'Tue, 14 Jun 2022 10:37:21 GMT', 'Content-Type': 'application/json', 'Content-Length': '2084', 'Connection': 'close'} 
 body={"users":[{"active":true,"city":"Testcity","contracts":[{"currency":"USD","id":33,"price":9.99,"type":"basic"},{"currency":"USD","id":106,"price":39.99,"type":"premium-b"}],"email":"tom@miller.com","id":1,"name":"miller","street":"1st street","surname":"tom","zip":"99122"},{"active":true,"city":"Fakecity","contracts":[{"currency":"USD","id":33,"price":9.99,"type":"basic"},{"currency":"USD","id":22,"price":49.99,"type":"pro"},{"currency":"USD","id":105,"price":24.55,"type":"premium-a"}],"email":"celine@mayer.net","id":2,"name":"mayer","street":"Fakeburry Lane","surname":"celine","zip":"11443"},{"active":false,"city":"Frameworkcity","contracts":[{"currency":"USD","id":1,"price":0,"type":"free"}],"email":"sarah@delaney.com","id":3,"name":"delaney","street":"Robot Street","surname":"sarah","zip":"55678"},{"active":true,"city":"Testcity","contracts":[{"currency":"USD","id":33,"price":9.99,"type":"basic"},{"currency":"USD","id":33,"price":9.99,"type":"basic"},{"currency":"USD","id":33,"price":9.99,"type":"basic"}],"email":"sven@test.com","id":4759,"name":"Maximus","street":"Maximus Lane","surname":"Max","zip":"12345"},{"active":true,"city":"Testcity","contracts":[{"currency":"USD","id":33,"price":9.99,"type":"basic"},{"currency":"USD","id":33,"price":9.99,"type":"basic"},{"currency":"USD","id":33,"price":9.99,"type":"basic"}],"email":"sven@test.com","id":3163,"name":"Maximus","street":"Maximus Lane","surname":"Max","zip":"12345"},{"active":true,"city":"Testcity","contracts":[{"currency":"USD","id":33,"price":9.99,"type":"basic"},{"currency":"USD","id":33,"price":9.99,"type":"basic"},{"currency":"USD","id":33,"price":9.99,"type":"basic"}],"email":"sven@test.com","id":1230,"name":"Maximus","street":"Maximus Lane","surname":"Max","zip":"12345"},{"active":true,"city":"Testcity","contracts":[{"currency":"USD","id":33,"price":9.99,"type":"basic"},{"currency":"USD","id":33,"price":9.99,"type":"basic"},{"currency":"USD","id":33,"price":9.99,"type":"basic"}],"email":"tom@miller.com","id":3102,"name":"miller","street":"1st street","surname":"tom","zip":"99122"}]}
 
 </msg>
<msg timestamp="20220614 13:37:21.060" level="INFO">${response} = &lt;Response [200]&gt;</msg>
<status status="PASS" starttime="20220614 13:37:21.040" endtime="20220614 13:37:21.061"/>
</kw>
<kw name="Validate Schema" library="validation">
<arg>inputJson=${response.json()}</arg>
<arg>referenceSchemaPath=${GLOBAL_SCHEMA_USERS}</arg>
<kw name="Log To Console" library="BuiltIn">
<arg>Validating the Json Schema</arg>
<doc>Logs the given message to the console.</doc>
<status status="PASS" starttime="20220614 13:37:21.070" endtime="20220614 13:37:21.072"/>
</kw>
<kw name="Validate Json Schema" library="json_validate_schema">
<arg>${inputJson}</arg>
<arg>${referenceSchemaPath}</arg>
<status status="PASS" starttime="20220614 13:37:21.073" endtime="20220614 13:37:21.091"/>
</kw>
<status status="PASS" starttime="20220614 13:37:21.064" endtime="20220614 13:37:21.092"/>
</kw>
<status status="PASS" starttime="20220614 13:37:21.031" endtime="20220614 13:37:21.093"/>
</test>
<status status="PASS" starttime="20220614 13:37:20.551" endtime="20220614 13:37:21.099"/>
</suite>
<statistics>
<total>
<stat pass="1" fail="0" skip="0">All Tests</stat>
</total>
<tag>
</tag>
<suite>
<stat pass="1" fail="0" skip="0" id="s1" name="Verify Users">Verify Users</stat>
</suite>
</statistics>
<errors>
</errors>
</robot>
